<?xml version="1.0" encoding="UTF-8"?>
<!-- Generated by org.testng.reporters.JUnitReportReporter -->
<testsuite skipped="0" hostname="LIN20001379" name="MavenDemoProject.RestAssuredAPITest" tests="2" failures="0" timestamp="22 Apr 2020 08:25:39 GMT" time="0.000" errors="0">
  <testcase name="RestATestSecond" time="0.000" classname="MavenDemoProject.RestAssuredAPITest"/>
  <testcase name="RestATestFirst" time="0.000" classname="MavenDemoProject.RestAssuredAPITest"/>
</testsuite> <!-- MavenDemoProject.RestAssuredAPITest -->
