<?xml version="1.0" encoding="UTF-8"?>
<!-- Generated by org.testng.reporters.JUnitReportReporter -->
<testsuite skipped="0" hostname="LIN20001379" name="MavenDemoProject.AppiumTest" tests="2" failures="0" timestamp="22 Apr 2020 08:25:39 GMT" time="0.004" errors="0">
  <testcase name="AppiumTestSecond" time="0.000" classname="MavenDemoProject.AppiumTest"/>
  <testcase name="AppiumTestFirst" time="0.004" classname="MavenDemoProject.AppiumTest"/>
</testsuite> <!-- MavenDemoProject.AppiumTest -->
